Running entrypoint script...
Starting cron service...
Loading configuration from /app/config/routing_config.json...
Loading configuration from /app/config/routing_config.json...
Configuration loaded: honeypot_port=1338
Configuration loaded: honeypot_port=1338
Starting the Flask app on port 1338...
Starting the Flask app on port 1338...
Flask app started with PID 27
Flask app started with PID 27
 * Serving Flask app 'app'
 * Debug mode: off
/bin/sh: 1: 13: not found
Command executed: 13
Command output: 
/bin/sh: 1: 49: not found
Command executed: 49
Command output: 
/bin/sh: 1: 12: not found
Command executed: 12
Command output: 
/bin/sh: 1: 12: not found
Command executed: 12
Command output: 
/bin/sh: 1: 12: not found
Command executed: 12
Command output: 
/bin/sh: 1: Syntax error: Unterminated quoted string
Command executed: 404'
Command output: 
/bin/sh: 1: 404: not found
Command executed: 404
Command output: 
Running entrypoint script...
Starting cron service...
Loading configuration from /app/config/routing_config.json...
Loading configuration from /app/config/routing_config.json...
Configuration loaded: honeypot_port=1338
Configuration loaded: honeypot_port=1338
Starting the Flask app on port 1338...
Starting the Flask app on port 1338...
Flask app started with PID 27
Flask app started with PID 27
 * Serving Flask app 'app'
 * Debug mode: off
Running entrypoint script...
Starting cron service...
Loading configuration from /app/config/routing_config.json...
Loading configuration from /app/config/routing_config.json...
Configuration loaded: honeypot_port=1338
Configuration loaded: honeypot_port=1338
Starting the Flask app on port 1338...
Starting the Flask app on port 1338...
Flask app started with PID 27
Flask app started with PID 27
 * Serving Flask app 'app'
 * Debug mode: off
/bin/sh: 1: 404: not found
Command executed: 404
Command output: 
/bin/sh: 1: 404: not found
Command executed: 404
Command output: 
/bin/sh: 1: 404: not found
Command executed: 404
Command output: 
/bin/sh: 1: 404: not found
Command executed: 404
Command output: 
Command executed: test
Command output: 
/bin/sh: 1: 404: not found
Command executed: 404
Command output: 
/bin/sh: 1: 404: not found
Command executed: 404
Command output: 
/bin/sh: 1: 404: not found
Command executed: 404
Command output: 
/bin/sh: 1: 12: not found
Command executed: 12
Command output: 
/bin/sh: 1: 404: not found
Command executed: 404
Command output: 
/bin/sh: 1: 404: not found
Command executed: 404
Command output: 
/bin/sh: 1: 404: not found
Command executed: 404
Command output: 
/bin/sh: 1: 404: not found
Command executed: 404
Command output: 
/bin/sh: 1: 404: not found
Command executed: 404
Command output: 
/bin/sh: 1: 404: not found
Command executed: 404
Command output: 
/bin/sh: 1: 404: not found
Command executed: 404
Command output: 
/bin/sh: 1: 404: not found
Command executed: 404
Command output: 
/bin/sh: 1: 404: not found
Command executed: 404
Command output: 
/bin/sh: 1: 12: not found
Command executed: 12
Command output: 
/bin/sh: 1: 404: not found
Command executed: 404
Command output: 
/bin/sh: 1: 404: not found
Command executed: 404
Command output: 
/bin/sh: 1: 404: not found
Command executed: 404
Command output: 
/bin/sh: 1: 404: not found
Command executed: 404
Command output: 
/bin/sh: 1: 404: not found
Command executed: 404
Command output: 
/bin/sh: 1: 404: not found
Command executed: 404
Command output: 
/bin/sh: 1: 404: not found
Command executed: 404
Command output: 
/bin/sh: 1: 404: not found
Command executed: 404
Command output: 
/bin/sh: 1: 404: not found
Command executed: 404
Command output: 
/bin/sh: 1: 404: not found
Command executed: 404
Command output: 
/bin/sh: 1: 404: not found
Command executed: 404
Command output: 
/bin/sh: 1: 404: not found
Command executed: 404
Command output: 
/bin/sh: 1: 404: not found
Command executed: 404
Command output: 
/bin/sh: 1: 404: not found
Command executed: 404
Command output: 
/bin/sh: 1: 404: not found
Command executed: 404
Command output: 
/bin/sh: 1: 404: not found
Command executed: 404
Command output: 
Running entrypoint script...
Starting cron service...
Loading configuration from /app/config/routing_config.json...
Loading configuration from /app/config/routing_config.json...
Configuration loaded: honeypot_port=1338
Configuration loaded: honeypot_port=1338
Starting the Flask app on port 1338...
Starting the Flask app on port 1338...
Flask app started with PID 27
Flask app started with PID 27
 * Serving Flask app 'app'
 * Debug mode: off
/bin/sh: 1: You: not found
/bin/sh: 2: 12: not found
Command executed: You are seeing the response of: insomnia.local/error/internal/errorCode/12
12
Command output: 
/bin/sh: 1: You: not found
/bin/sh: 2: 12: not found
Command executed: You are seeing the response of: insomnia.local/error/internal/errorCode/12
12
Command output: 
/bin/sh: 1: You: not found
/bin/sh: 2: 49: not found
Command executed: You are seeing the response of: insomnia.local/error/internal/errorCode/49
49
Command output: 
Running entrypoint script...
Starting cron service...
Loading configuration from /app/config/routing_config.json...
Loading configuration from /app/config/routing_config.json...
Configuration loaded: honeypot_port=1338
Configuration loaded: honeypot_port=1338
Starting the Flask app on port 1338...
Starting the Flask app on port 1338...
Flask app started with PID 27
Flask app started with PID 27
 * Serving Flask app 'app'
 * Debug mode: off
/bin/sh: 1: You: not found
/bin/sh: 2: 404: not found
Command executed: You are seeing the response of: insomnia.local/error/internal/errorCode/404
404
Command output: 
/bin/sh: 1: You: not found
/bin/sh: 2: 404: not found
Command executed: You are seeing the response of: insomnia.local/error/internal/errorCode/404
404
Command output: 
